  Performing full C++ include scan (building a new target)
  Creating makefile for PropNavigationGame (no existing makefile)
EXEC : error : System.IO.FileNotFoundException: Could not find file '\\StuHome\HomeDrive5$\1503395\GitHub\Gameplay-Mechanics\PropNavigationGame\Intermediate\ProjectFiles\PropNavigationGame.uproject'.
  File name: '\\StuHome\HomeDrive5$\1503395\GitHub\Gameplay-Mechanics\PropNavigationGame\Intermediate\ProjectFiles\PropNavigationGame.uproject'
     at System.IO.__Error.WinIOError(Int32 errorCode, String maybeFullPath)
     at System.IO.FileStream.Init(String path, FileMode mode, FileAccess access, Int32 rights, Boolean useRights, FileShare share, Int32 bufferSize, FileOptions options, SECURITY_ATTRIBUTES secAttrs, String msgPath, Boolean bFromProxy, Boolean useLongPath, Boolean checkHost)
     at System.IO.FileStream..ctor(String path, FileMode mode, FileAccess access, FileShare share, Int32 bufferSize, FileOptions options, String msgPath, Boolean bFromProxy, Boolean useLongPath, Boolean checkHost)
     at System.IO.StreamReader..ctor(String path, Encoding encoding, Boolean detectEncodingFromByteOrderMarks, Int32 bufferSize, Boolean checkHost)
     at System.IO.File.InternalReadAllText(String path, Encoding encoding, Boolean checkHost)
     at UnrealBuildTool.JsonObject.Read(String FileName)
     at UnrealBuildTool.ProjectDescriptor.FromFile(String FileName)
     at UnrealBuildTool.RulesCompiler.CreateProjectRulesAssembly(FileReference ProjectFileName)
     at UnrealBuildTool.UEBuildTarget.CreateTarget(TargetDescriptor Desc, String[] Arguments, Boolean bCompilingSingleFile)
     at UnrealBuildTool.UnrealBuildTool.RunUBT(BuildConfiguration BuildConfiguration, String[] Arguments, FileReference ProjectFile)
C:\Program Files (x86)\MSBuild\Microsoft.Cpp\v4.0\V140\Microsoft.MakeFile.Targets(41,5): error MSB3075: The command ""C:\Program Files (x86)\Epic Games\UE_4.17\Engine\Build\BatchFiles\Build.bat" PropNavigationGame Win64 DebugGame "\\StuHome\HomeDrive5$\1503395\GitHub\Gameplay-Mechanics\PropNavigationGame\Intermediate\ProjectFiles\PropNavigationGame.uproject" -waitmutex" exited with code 5. Please verify that you have sufficient rights to run this command.
